The system is: Windows - 10.0.19042 - AMD64
Compiling the C compiler identification source file "CMakeCCompilerId.c" succeeded.
Compiler: G:/2019/VC/Tools/MSVC/14.29.30133/bin/Hostx86/x86/cl.exe 
Build flags: 
Id flags:  

The output was:
0
用于 x86 的 Microsoft (R) C/C++ 优化编译器 19.29.30133 版
版权所有(C) Microsoft Corporation。保留所有权利。

CMakeCCompilerId.c
Microsoft (R) Incremental Linker Version 14.29.30133.0
Copyright (C) Microsoft Corporation.  All rights reserved.

/out:CMakeCCompilerId.exe 
CMakeCCompilerId.obj 


Compilation of the C compiler identification source "CMakeCCompilerId.c" produced "CMakeCCompilerId.exe"

Compilation of the C compiler identification source "CMakeCCompilerId.c" produced "CMakeCCompilerId.obj"

The C compiler identification is MSVC, found in "G:/code/C or C++/sfm-project/cmake-build-debug/CMakeFiles/3.21.1/CompilerIdC/CMakeCCompilerId.exe"

Compiling the CXX compiler identification source file "CMakeCXXCompilerId.cpp" succeeded.
Compiler: G:/2019/VC/Tools/MSVC/14.29.30133/bin/Hostx86/x86/cl.exe 
Build flags: 
Id flags:  

The output was:
0
用于 x86 的 Microsoft (R) C/C++ 优化编译器 19.29.30133 版
版权所有(C) Microsoft Corporation。保留所有权利。

CMakeCXXCompilerId.cpp
Microsoft (R) Incremental Linker Version 14.29.30133.0
Copyright (C) Microsoft Corporation.  All rights reserved.

/out:CMakeCXXCompilerId.exe 
CMakeCXXCompilerId.obj 


Compilation of the CXX compiler identification source "CMakeCXXCompilerId.cpp" produced "CMakeCXXCompilerId.exe"

Compilation of the CXX compiler identification source "CMakeCXXCompilerId.cpp" produced "CMakeCXXCompilerId.obj"

The CXX compiler identification is MSVC, found in "G:/code/C or C++/sfm-project/cmake-build-debug/CMakeFiles/3.21.1/CompilerIdCXX/CMakeCXXCompilerId.exe"

Detecting C compiler ABI info compiled with the following output:
Change Dir: G:/code/C or C++/sfm-project/cmake-build-debug/CMakeFiles/CMakeTmp

Run Build Command(s):nmake -f Makefile /nologo cmTC_6812b\fast && 	G:\2019\VC\Tools\MSVC\14.29.30133\bin\HostX86\x86\nmake.exe  -f CMakeFiles\cmTC_6812b.dir\build.make /nologo -L                  CMakeFiles\cmTC_6812b.dir\build
Building C object CMakeFiles/cmTC_6812b.dir/CMakeCCompilerABI.c.obj
	"G:\IDE\Clion\CLion 2021.3.2\bin\cmake\win\bin\cmake.exe" -E cmake_cl_compile_depends --dep-file=CMakeFiles\cmTC_6812b.dir\CMakeCCompilerABI.c.obj.d --working-dir="G:\code\C or C++\sfm-project\cmake-build-debug\CMakeFiles\CMakeTmp" --filter-prefix="注意: 包含文件:  " -- G:\2019\VC\Tools\MSVC\14.29.30133\bin\Hostx86\x86\cl.exe @C:\Users\lenovo\AppData\Local\Temp\nm7EFF.tmp
CMakeCCompilerABI.c
?鈷? 鍖呭惈鏂囦欢:  G:\IDE\Clion\CLion 2021.3.2\bin\cmake\win\share\cmake-3.21\Modules\CMakeCompilerABI.h
Linking C executable cmTC_6812b.exe
	"G:\IDE\Clion\CLion 2021.3.2\bin\cmake\win\bin\cmake.exe" -E vs_link_exe --intdir=CMakeFiles\cmTC_6812b.dir --rc=C:\PROGRA~2\WI3CF2~1\10\bin\100190~1.0\x86\rc.exe --mt=C:\PROGRA~2\WI3CF2~1\10\bin\100190~1.0\x86\mt.exe --manifests -- G:\2019\VC\Tools\MSVC\14.29.30133\bin\Hostx86\x86\link.exe /nologo @CMakeFiles\cmTC_6812b.dir\objects1.rsp @C:\Users\lenovo\AppData\Local\Temp\nm8096.tmp
	C:\Windows\System32\WindowsPowerShell\v1.0\powershell.exe -noprofile -executionpolicy Bypass -file E:/src/vcpkg/scripts/buildsystems/msbuild/applocal.ps1 -targetBinary "G:/code/C or C++/sfm-project/cmake-build-debug/CMakeFiles/CMakeTmp/cmTC_6812b.exe" -installedDir E:/src/vcpkg/installed/x86-windows/debug/bin -OutVariable out



Detecting CXX compiler ABI info compiled with the following output:
Change Dir: G:/code/C or C++/sfm-project/cmake-build-debug/CMakeFiles/CMakeTmp

Run Build Command(s):nmake -f Makefile /nologo cmTC_37228\fast && 	G:\2019\VC\Tools\MSVC\14.29.30133\bin\HostX86\x86\nmake.exe  -f CMakeFiles\cmTC_37228.dir\build.make /nologo -L                  CMakeFiles\cmTC_37228.dir\build
Building CXX object CMakeFiles/cmTC_37228.dir/CMakeCXXCompilerABI.cpp.obj
	"G:\IDE\Clion\CLion 2021.3.2\bin\cmake\win\bin\cmake.exe" -E cmake_cl_compile_depends --dep-file=CMakeFiles\cmTC_37228.dir\CMakeCXXCompilerABI.cpp.obj.d --working-dir="G:\code\C or C++\sfm-project\cmake-build-debug\CMakeFiles\CMakeTmp" --filter-prefix="注意: 包含文件:  " -- G:\2019\VC\Tools\MSVC\14.29.30133\bin\Hostx86\x86\cl.exe @C:\Users\lenovo\AppData\Local\Temp\nm83C1.tmp
CMakeCXXCompilerABI.cpp
?鈷? 鍖呭惈鏂囦欢:  G:\IDE\Clion\CLion 2021.3.2\bin\cmake\win\share\cmake-3.21\Modules\CMakeCompilerABI.h
Linking CXX executable cmTC_37228.exe
	"G:\IDE\Clion\CLion 2021.3.2\bin\cmake\win\bin\cmake.exe" -E vs_link_exe --intdir=CMakeFiles\cmTC_37228.dir --rc=C:\PROGRA~2\WI3CF2~1\10\bin\100190~1.0\x86\rc.exe --mt=C:\PROGRA~2\WI3CF2~1\10\bin\100190~1.0\x86\mt.exe --manifests -- G:\2019\VC\Tools\MSVC\14.29.30133\bin\Hostx86\x86\link.exe /nologo @CMakeFiles\cmTC_37228.dir\objects1.rsp @C:\Users\lenovo\AppData\Local\Temp\nm846E.tmp
	C:\Windows\System32\WindowsPowerShell\v1.0\powershell.exe -noprofile -executionpolicy Bypass -file E:/src/vcpkg/scripts/buildsystems/msbuild/applocal.ps1 -targetBinary "G:/code/C or C++/sfm-project/cmake-build-debug/CMakeFiles/CMakeTmp/cmTC_37228.exe" -installedDir E:/src/vcpkg/installed/x86-windows/debug/bin -OutVariable out



